<?xml version="1.0" encoding="UTF-8"?>
<!-- Generated by org.testng.reporters.JUnitReportReporter -->
<testsuite hostname="ShreeRam1" failures="0" tests="1" name="red_bus.RedbusAutomation" time="8.554" errors="0" timestamp="2025-07-02T13:54:44 IST" skipped="0">
  <testcase classname="red_bus.RedbusAutomation" name="searchBuses" time="8.554"/>
</testsuite> <!-- red_bus.RedbusAutomation -->
