<?xml version="1.0" encoding="UTF-8"?>
<!-- Generated by org.testng.reporters.JUnitReportReporter -->
<testsuite hostname="ShreeRam1" failures="0" tests="1" name="adactin_Hotel.hotels" time="11.405" errors="0" timestamp="2025-07-03T12:03:01 IST" skipped="0">
  <testcase classname="adactin_Hotel.hotels" name="hotel" time="11.405"/>
</testsuite> <!-- adactin_Hotel.hotels -->
