<?xml version="1.0" encoding="UTF-8"?>
<!-- Generated by org.testng.reporters.JUnitReportReporter -->
<testsuite hostname="ShreeRam1" failures="0" tests="1" name="Test01.linkTest" time="9.717" errors="0" timestamp="2025-06-28T17:37:22 IST" skipped="0">
  <testcase classname="Test01.linkTest" name="linkcheck" time="9.717"/>
</testsuite> <!-- Test01.linkTest -->
