<?xml version="1.0" encoding="UTF-8"?>
<!-- Generated by org.testng.reporters.JUnitReportReporter -->
<testsuite hostname="ShreeRam1" failures="0" tests="1" name="adactin_Hotel.hotelbooking" time="45.406" errors="0" timestamp="2025-07-05T15:09:15 IST" skipped="0">
  <testcase classname="adactin_Hotel.hotelbooking" name="booking" time="45.406"/>
</testsuite> <!-- adactin_Hotel.hotelbooking -->
