<?xml version="1.0" encoding="UTF-8"?>
<!-- Generated by org.testng.reporters.JUnitReportReporter -->
<testsuite hostname="ShreeRam1" failures="0" tests="1" name="adactin_Hotel.hotelbooking" time="33.817" errors="0" timestamp="2025-07-03T22:37:57 IST" skipped="0">
  <testcase classname="adactin_Hotel.hotelbooking" name="booking" time="33.817"/>
</testsuite> <!-- adactin_Hotel.hotelbooking -->
