<?xml version="1.0" encoding="UTF-8"?>
<!-- Generated by org.testng.reporters.JUnitReportReporter -->
<testsuite hostname="ShreeRam1" failures="0" tests="1" name="open_browser.chrome_launching" time="10.647" errors="0" timestamp="2025-06-28T22:41:19 IST" skipped="0">
  <testcase classname="open_browser.chrome_launching" name="oc" time="10.647"/>
</testsuite> <!-- open_browser.chrome_launching -->
