<?xml version="1.0" encoding="UTF-8"?>
<!-- Generated by org.testng.reporters.JUnitReportReporter -->
<testsuite hostname="ShreeRam1" failures="0" tests="1" name="Test01.linkTest" time="8.065" errors="0" timestamp="2025-06-21T22:13:04 IST" skipped="0">
  <testcase classname="Test01.linkTest" name="linkcheck" time="8.065"/>
</testsuite> <!-- Test01.linkTest -->
