<?xml version="1.0" encoding="UTF-8"?>
<!-- Generated by org.testng.reporters.JUnitReportReporter -->
<testsuite hostname="ShreeRam1" failures="0" tests="2" name="open_browser.print_url_tagname" time="2.324" errors="0" timestamp="2025-06-28T22:48:28 IST" skipped="0">
  <testcase classname="open_browser.print_url_tagname" name="oc" time="0.916"/>
  <testcase classname="open_browser.print_url_tagname" name="main" time="1.408"/>
</testsuite> <!-- open_browser.print_url_tagname -->
