<?xml version="1.0" encoding="UTF-8"?>
<!-- Generated by org.testng.reporters.JUnitReportReporter -->
<testsuite hostname="ShreeRam1" failures="0" tests="1" name="open_browser.checkLogo_available" time="6.763" errors="0" timestamp="2025-06-30T11:40:44 IST" skipped="0">
  <testcase classname="open_browser.checkLogo_available" name="checklogo" time="6.763"/>
</testsuite> <!-- open_browser.checkLogo_available -->
