<?xml version="1.0" encoding="UTF-8"?>
<!-- Generated by org.testng.reporters.JUnitReportReporter -->
<testsuite hostname="ShreeRam1" failures="0" tests="1" name="red_bus.RedbusAutomation" time="7.867" errors="0" timestamp="2025-07-02T13:57:49 IST" skipped="0">
  <testcase classname="red_bus.RedbusAutomation" name="searchBuses" time="7.867"/>
</testsuite> <!-- red_bus.RedbusAutomation -->
