<?xml version="1.0" encoding="UTF-8"?>
<!-- Generated by org.testng.reporters.JUnitReportReporter -->
<testsuite hostname="ShreeRam1" failures="0" tests="1" name="adactin_Hotel.roomType" time="2.311" errors="0" timestamp="2025-07-03T12:48:45 IST" skipped="0">
  <testcase classname="adactin_Hotel.roomType" name="room" time="2.311"/>
</testsuite> <!-- adactin_Hotel.roomType -->
