<?xml version="1.0" encoding="UTF-8"?>
<!-- Generated by org.testng.reporters.JUnitReportReporter -->
<testsuite hostname="ShreeRam1" failures="0" tests="1" name="adactin_Hotel.locationdropdown" time="9.930" errors="0" timestamp="2025-07-03T12:24:16 IST" skipped="0">
  <testcase classname="adactin_Hotel.locationdropdown" name="locationOption" time="9.930"/>
</testsuite> <!-- adactin_Hotel.locationdropdown -->
