<?xml version="1.0" encoding="UTF-8"?>
<!-- Generated by org.testng.reporters.JUnitReportReporter -->
<testsuite hostname="ShreeRam1" failures="0" tests="1" name="open_browser.delete_cookies" time="17.650" errors="0" timestamp="2025-06-29T22:12:30 IST" skipped="0">
  <testcase classname="open_browser.delete_cookies" name="oc" time="17.650"/>
</testsuite> <!-- open_browser.delete_cookies -->
