<?xml version="1.0" encoding="UTF-8"?>
<!-- Generated by org.testng.reporters.JUnitReportReporter -->
<testsuite hostname="ShreeRam1" failures="0" tests="1" name="red_bus.RedbusAutomation" time="6.545" errors="0" timestamp="2025-07-02T12:55:52 IST" skipped="0">
  <testcase classname="red_bus.RedbusAutomation" name="searchBuses" time="6.545"/>
</testsuite> <!-- red_bus.RedbusAutomation -->
