<?xml version="1.0" encoding="UTF-8"?>
<!-- Generated by org.testng.reporters.JUnitReportReporter -->
<testsuite hostname="ShreeRam1" failures="0" tests="1" name="demoblaze.findnNoOfLinkAndPrint" time="12.049" errors="0" timestamp="2025-07-08T14:59:44 IST" skipped="0">
  <testcase classname="demoblaze.findnNoOfLinkAndPrint" name="getLink" time="12.049"/>
</testsuite> <!-- demoblaze.findnNoOfLinkAndPrint -->
