<?xml version="1.0" encoding="UTF-8"?>
<!-- Generated by org.testng.reporters.JUnitReportReporter -->
<testsuite hostname="ShreeRam1" failures="0" tests="1" name="adactin_Hotel.check_in_and_check_out" time="37.595" errors="0" timestamp="2025-07-03T13:10:26 IST" skipped="0">
  <testcase classname="adactin_Hotel.check_in_and_check_out" name="checkIn" time="37.595"/>
</testsuite> <!-- adactin_Hotel.check_in_and_check_out -->
