<?xml version="1.0" encoding="UTF-8"?>
<!-- Generated by org.testng.reporters.JUnitReportReporter -->
<testsuite hostname="ShreeRam1" failures="0" tests="1" name="red_bus.RedbusAutomation" time="10.059" errors="0" timestamp="2025-07-02T13:42:46 IST" skipped="0">
  <testcase classname="red_bus.RedbusAutomation" name="searchBuses" time="10.059"/>
</testsuite> <!-- red_bus.RedbusAutomation -->
