<?xml version="1.0" encoding="UTF-8"?>
<!-- Generated by org.testng.reporters.JUnitReportReporter -->
<testsuite hostname="ShreeRam1" failures="0" tests="1" name="adactin_Hotel.adult_per_room" time="4.985" errors="0" timestamp="2025-07-03T13:42:05 IST" skipped="0">
  <testcase classname="adactin_Hotel.adult_per_room" name="adultroom" time="4.985"/>
</testsuite> <!-- adactin_Hotel.adult_per_room -->
