<?xml version="1.0" encoding="UTF-8"?>
<!-- Generated by org.testng.reporters.JUnitReportReporter -->
<testsuite hostname="ShreeRam1" failures="0" tests="1" name="adactin_Hotel.child_per_room" time="7.347" errors="0" timestamp="2025-07-03T20:53:15 IST" skipped="0">
  <testcase classname="adactin_Hotel.child_per_room" name="childroom" time="7.347"/>
</testsuite> <!-- adactin_Hotel.child_per_room -->
