<?xml version="1.0" encoding="UTF-8"?>
<!-- Generated by org.testng.reporters.JUnitReportReporter -->
<testsuite hostname="ShreeRam1" failures="0" tests="1" name="open_browser.get_fb_link" time="2.792" errors="0" timestamp="2025-06-29T22:30:44 IST" skipped="0">
  <testcase classname="open_browser.get_fb_link" name="fb" time="2.792"/>
</testsuite> <!-- open_browser.get_fb_link -->
