<?xml version="1.0" encoding="UTF-8"?>
<!-- Generated by org.testng.reporters.JUnitReportReporter -->
<testsuite hostname="ShreeRam1" failures="0" tests="1" name="adactin_Hotel.number_Of_Room" time="8.714" errors="0" timestamp="2025-07-03T12:50:46 IST" skipped="0">
  <testcase classname="adactin_Hotel.number_Of_Room" name="roomNum" time="8.714"/>
</testsuite> <!-- adactin_Hotel.number_Of_Room -->
