<?xml version="1.0" encoding="UTF-8"?>
<!-- Generated by org.testng.reporters.JUnitReportReporter -->
<testsuite hostname="ShreeRam1" failures="0" tests="1" name="open_browser.refresh_back_forword" time="17.494" errors="0" timestamp="2025-06-29T23:11:03 IST" skipped="0">
  <testcase classname="open_browser.refresh_back_forword" name="rbf" time="17.494"/>
</testsuite> <!-- open_browser.refresh_back_forword -->
