<?xml version="1.0" encoding="UTF-8"?>
<!-- Generated by org.testng.reporters.JUnitReportReporter -->
<testsuite hostname="ShreeRam1" failures="0" tests="1" name="adactin_Hotel.searchHotel" time="8.856" errors="0" timestamp="2025-07-03T11:21:44 IST" skipped="0">
  <testcase classname="adactin_Hotel.searchHotel" name="seachOption" time="8.856"/>
</testsuite> <!-- adactin_Hotel.searchHotel -->
