<?xml version="1.0" encoding="UTF-8"?>
<!-- Generated by org.testng.reporters.JUnitReportReporter -->
<testsuite hostname="ShreeRam1" failures="0" tests="1" name="open_browser.windows_Max_and_Min" time="16.915" errors="0" timestamp="2025-06-29T22:42:42 IST" skipped="0">
  <testcase classname="open_browser.windows_Max_and_Min" name="max_min" time="16.915"/>
</testsuite> <!-- open_browser.windows_Max_and_Min -->
