<?xml version="1.0" encoding="UTF-8"?>
<!-- Generated by org.testng.reporters.JUnitReportReporter -->
<testsuite hostname="ShreeRam1" failures="0" tests="1" name="open_browser.chrome_launching" time="1.564" errors="0" timestamp="2025-06-29T22:33:27 IST" skipped="0">
  <testcase classname="open_browser.chrome_launching" name="oc" time="1.564"/>
</testsuite> <!-- open_browser.chrome_launching -->
