<?xml version="1.0" encoding="UTF-8"?>
<!-- Generated by org.testng.reporters.JUnitReportReporter -->
<testsuite hostname="ShreeRam1" failures="0" tests="1" name="Test01.test01" time="16.774" errors="0" timestamp="2025-06-28T18:20:03 IST" skipped="0">
  <testcase classname="Test01.test01" name="Web_inputs" time="16.774"/>
</testsuite> <!-- Test01.test01 -->
