<?xml version="1.0" encoding="UTF-8"?>
<!-- Generated by org.testng.reporters.JUnitReportReporter -->
<testsuite hostname="ShreeRam1" failures="0" tests="1" name="adactin_Hotel.signIn_hotel" time="8.505" errors="0" timestamp="2025-07-03T10:43:42 IST" skipped="0">
  <testcase classname="adactin_Hotel.signIn_hotel" name="login" time="8.505"/>
</testsuite> <!-- adactin_Hotel.signIn_hotel -->
