<?xml version="1.0" encoding="UTF-8"?>
<!-- Generated by org.testng.reporters.JUnitReportReporter -->
<testsuite hostname="ShreeRam1" failures="0" tests="1" name="open_browser.FacebookAccount" time="7.785" errors="0" timestamp="2025-06-28T22:34:07 IST" skipped="0">
  <testcase classname="open_browser.FacebookAccount" name="fb" time="7.785"/>
</testsuite> <!-- open_browser.FacebookAccount -->
