<?xml version="1.0" encoding="UTF-8"?>
<!-- Generated by org.testng.reporters.JUnitReportReporter -->
<testsuite hostname="ShreeRam1" failures="0" tests="1" name="open_browser.delete_cookies" time="7.008" errors="0" timestamp="2025-06-29T22:30:29 IST" skipped="0">
  <testcase classname="open_browser.delete_cookies" name="oc" time="7.008"/>
</testsuite> <!-- open_browser.delete_cookies -->
