<?xml version="1.0" encoding="UTF-8"?>
<!-- Generated by org.testng.reporters.JUnitReportReporter -->
<testsuite hostname="ShreeRam1" failures="0" tests="2" name="Day01.HTTPRequests" time="3.404" errors="0" timestamp="2025-06-20T09:48:30 IST" skipped="0">
  <testcase classname="Day01.HTTPRequests" name="createUser" time="3.400"/>
  <testcase classname="Day01.HTTPRequests" name="updateUser" time="0.004"/>
</testsuite> <!-- Day01.HTTPRequests -->
