<?xml version="1.0" encoding="UTF-8"?>
<!-- Generated by org.testng.reporters.JUnitReportReporter -->
<testsuite hostname="ShreeRam1" failures="0" tests="2" name="Day02.postRequest" time="1.984" errors="0" timestamp="2025-06-21T17:10:48 IST" skipped="0">
  <testcase classname="Day02.postRequest" name="testUsingHashMap" time="1.956"/>
  <testcase classname="Day02.postRequest" name="testDelete" time="0.028"/>
</testsuite> <!-- Day02.postRequest -->
