<?xml version="1.0" encoding="UTF-8"?>
<!-- Generated by org.testng.reporters.JUnitReportReporter -->
<testsuite hostname="ShreeRam1" failures="0" tests="2" name="Day02.postRequestJson_org" time="1.814" errors="0" timestamp="2025-06-21T17:08:31 IST" skipped="0">
  <testcase classname="Day02.postRequestJson_org" name="testPostReqUsingJsonLibrary" time="1.787"/>
  <testcase classname="Day02.postRequestJson_org" name="testdelete" time="0.027"/>
</testsuite> <!-- Day02.postRequestJson_org -->
