<?xml version="1.0" encoding="UTF-8"?>
<!-- Generated by org.testng.reporters.JUnitReportReporter -->
<testsuite hostname="ShreeRam1" failures="0" tests="2" name="Day02.postRequest" time="2.888" errors="0" timestamp="2025-06-20T09:47:39 IST" skipped="0">
  <testcase classname="Day02.postRequest" name="testUsingHashMap" time="2.848"/>
  <testcase classname="Day02.postRequest" name="testDelete" time="0.040"/>
</testsuite> <!-- Day02.postRequest -->
