<?xml version="1.0" encoding="UTF-8"?>
<!-- Generated by org.testng.reporters.JUnitReportReporter -->
<testsuite hostname="ShreeRam1" failures="0" tests="2" name="Day02.postRequestUsingJSONFile" time="3.109" errors="0" timestamp="2025-06-21T19:39:34 IST" skipped="0">
  <testcase classname="Day02.postRequestUsingJSONFile" name="testPostReqUsingJsonfile" time="3.069"/>
  <testcase classname="Day02.postRequestUsingJSONFile" name="testdelete" time="0.040"/>
</testsuite> <!-- Day02.postRequestUsingJSONFile -->
