<?xml version="1.0" encoding="UTF-8"?>
<!-- Generated by org.testng.reporters.JUnitReportReporter -->
<testsuite hostname="ShreeRam1" failures="0" tests="2" name="Day02.postRequestUsingPOJOclass" time="2.084" errors="0" timestamp="2025-06-21T19:14:27 IST" skipped="0">
  <testcase classname="Day02.postRequestUsingPOJOclass" name="testPostReqUsingPojoclass" time="2.049"/>
  <testcase classname="Day02.postRequestUsingPOJOclass" name="testdelete" time="0.035"/>
</testsuite> <!-- Day02.postRequestUsingPOJOclass -->
