<?xml version="1.0" encoding="UTF-8"?>
<!-- Generated by org.testng.reporters.JUnitReportReporter -->
<testsuite hostname="ShreeRam1" failures="0" tests="1" name="tests.LoginTest" time="16.040" errors="0" timestamp="2025-07-07T14:30:15 IST" skipped="0">
  <testcase classname="tests.LoginTest" name="testValidLogin" time="16.040"/>
</testsuite> <!-- tests.LoginTest -->
