<?xml version="1.0" encoding="UTF-8"?>
<!-- Generated by org.testng.reporters.JUnitReportReporter -->
<testsuite hostname="ShreeRam1" failures="0" tests="1" name="tests.ValidateSelectHotel" time="11.460" errors="0" timestamp="2025-07-07T17:48:30 IST" skipped="0">
  <testcase classname="tests.ValidateSelectHotel" name="checkSelectLocationIsDisplayed" time="11.460"/>
</testsuite> <!-- tests.ValidateSelectHotel -->
