<?xml version="1.0" encoding="UTF-8"?>
<!-- Generated by org.testng.reporters.JUnitReportReporter -->
<testsuite hostname="ShreeRam1" failures="0" tests="1" name="tests.LoginTest" time="7.798" errors="0" timestamp="2025-07-07T13:54:20 IST" skipped="0">
  <testcase classname="tests.LoginTest" name="testValidLogin" time="7.798"/>
</testsuite> <!-- tests.LoginTest -->
